[debug] [2020-10-30T17:50:17.998Z] ----------------------------------------------------------------------
[debug] [2020-10-30T17:50:18.001Z] Command:       C:\Program Files\nodejs\node.exe C:\Users\Admin\AppData\Roaming\npm\node_modules\firebase-tools\lib\bin\firebase.js init
[debug] [2020-10-30T17:50:18.001Z] CLI Version:   8.12.1
[debug] [2020-10-30T17:50:18.001Z] Platform:      win32
[debug] [2020-10-30T17:50:18.001Z] Node Version:  v12.18.3
[debug] [2020-10-30T17:50:18.021Z] Time:          Sat Oct 31 2020 00:50:18 GMT+0700 (Indochina Time)
[debug] [2020-10-30T17:50:18.022Z] ----------------------------------------------------------------------
[debug] [2020-10-30T17:50:18.022Z] 
[debug] [2020-10-30T17:50:18.049Z] > command requires scopes: ["email","openid","https://www.googleapis.com/auth/cloudplatformprojects.readonly","https://www.googleapis.com/auth/firebase","https://www.googleapis.com/auth/cloud-platform"]
[debug] [2020-10-30T17:50:18.049Z] > authorizing via signed-in user
[info] 
     ######## #### ########  ######## ########     ###     ######  ########
     ##        ##  ##     ## ##       ##     ##  ##   ##  ##       ##
     ######    ##  ########  ######   ########  #########  ######  ######
     ##        ##  ##    ##  ##       ##     ## ##     ##       ## ##
     ##       #### ##     ## ######## ########  ##     ##  ######  ########

You're about to initialize a Firebase project in this directory:

  D:\Frontend41\Angular\portfolio

Before we get started, keep in mind:

  * You are initializing in an existing Firebase project directory

